<?xml version="1.0" encoding="UTF-8"?>
<!-- Generated by org.testng.reporters.JUnitReportReporter -->
<testsuite skipped="0" hostname="Ahammed" name="test.phpTravaler.net.Navigation.TC0001_VerifyLogInWithValidCredential" tests="1" failures="0" timestamp="23 Nov 2017 16:55:42 GMT" time="5.499" errors="0">
  <testcase name="VerifyLogInWithValidCredential" time="5.499" classname="test.phpTravaler.net.Navigation.TC0001_VerifyLogInWithValidCredential"/>
</testsuite> <!-- test.phpTravaler.net.Navigation.TC0001_VerifyLogInWithValidCredential -->
