<?xml version="1.0" encoding="UTF-8"?>
<!-- Generated by org.testng.reporters.JUnitReportReporter -->
<testsuite skipped="0" hostname="Ahammed" name="test.phpTravaler.net.Navigation.TC0002_VerifySingUpWithValidCredential" tests="1" failures="0" timestamp="01 Nov 2017 20:41:01 GMT" time="2.195" errors="0">
  <testcase name="VerifySingUpWithValidCredential" time="2.195" classname="test.phpTravaler.net.Navigation.TC0002_VerifySingUpWithValidCredential"/>
</testsuite> <!-- test.phpTravaler.net.Navigation.TC0002_VerifySingUpWithValidCredential -->
