<?xml version="1.0" encoding="UTF-8"?>
<!-- Generated by org.testng.reporters.JUnitReportReporter -->
<testsuite skipped="0" hostname="Ahammed" name="test.phpTravaler.net.DemoClass.ExecutionClass" tests="1" failures="0" timestamp="31 Oct 2017 19:29:38 GMT" time="0.000" errors="0">
  <testcase name="testCaseName" time="0.000" classname="test.phpTravaler.net.DemoClass.ExecutionClass"/>
</testsuite> <!-- test.phpTravaler.net.DemoClass.ExecutionClass -->
