<?xml version="1.0" encoding="UTF-8"?>
<!-- Generated by org.testng.reporters.JUnitReportReporter -->
<testsuite skipped="0" hostname="Ahammed" name="test.phpTravaler.net.Navigation.TC0003_VerifySingUpWithDifferentSetOfData" tests="5" failures="0" timestamp="01 Nov 2017 20:44:50 GMT" time="0.022" errors="0">
  <testcase name="testCaseName" time="0.006" classname="test.phpTravaler.net.Navigation.TC0003_VerifySingUpWithDifferentSetOfData"/>
  <testcase name="testCaseName" time="0.002" classname="test.phpTravaler.net.Navigation.TC0003_VerifySingUpWithDifferentSetOfData"/>
  <testcase name="testCaseName" time="0.010" classname="test.phpTravaler.net.Navigation.TC0003_VerifySingUpWithDifferentSetOfData"/>
  <testcase name="testCaseName" time="0.003" classname="test.phpTravaler.net.Navigation.TC0003_VerifySingUpWithDifferentSetOfData"/>
  <testcase name="testCaseName" time="0.001" classname="test.phpTravaler.net.Navigation.TC0003_VerifySingUpWithDifferentSetOfData"/>
</testsuite> <!-- test.phpTravaler.net.Navigation.TC0003_VerifySingUpWithDifferentSetOfData -->
